<?xml version="1.0" encoding="UTF-8"?>
<!-- Generated by org.testng.reporters.JUnitXMLReporter -->
<testsuite ignored="0" hostname="DESKTOP-63U5BV0" failures="0" tests="6" name="Test" time="0.083" errors="0" timestamp="2022-06-08T16:23:12 JST">
  <testcase classname="qaclickacademy.AppiumTest" name="NativeAppAndroid" time="0.009"/>
  <testcase classname="qaclickacademy.AppiumTest" name="iOSApps" time="0.001"/>
  <testcase classname="qaclickacademy.SeleniumTest" name="BrowserAutomation" time="0.001"/>
  <testcase classname="qaclickacademy.SeleniumTest" name="elementUI" time="0.001"/>
  <testcase classname="qaclickacademy.RestAPITest" name="deleteTwitter" time="0.001"/>
  <testcase classname="qaclickacademy.RestAPITest" name="postJira" time="0.001"/>
</testsuite> <!-- Test -->
