<?xml version="1.0" encoding="UTF-8"?>
<!-- Generated by org.testng.reporters.JUnitXMLReporter -->
<testsuite ignored="0" hostname="DESKTOP-63U5BV0" failures="0" tests="6" name="Command line test" time="0.089" errors="0" timestamp="2022-06-10T11:07:35 JST">
  <testcase classname="qaclickacademy.AppiumTest" name="NativeAppAndroid" time="0.006"/>
  <testcase classname="qaclickacademy.AppiumTest" name="iOSApps" time="0.0"/>
  <testcase classname="qaclickacademy.RestAPITest" name="deleteTwitter" time="0.001"/>
  <testcase classname="qaclickacademy.RestAPITest" name="postJira" time="0.0"/>
  <testcase classname="qaclickacademy.SeleniumTest" name="BrowserAutomation" time="0.001"/>
  <testcase classname="qaclickacademy.SeleniumTest" name="elementUI" time="0.0"/>
</testsuite> <!-- Command line test -->
