<?xml version="1.0" encoding="UTF-8"?>
<testng-results ignored="0" total="2" passed="2" failed="0" skipped="0">
  <reporter-output>
  </reporter-output>
  <suite started-at="2022-06-10T11:38:35 JST" name="Default suite" finished-at="2022-06-10T11:38:35 JST" duration-ms="65">
    <groups>
    </groups>
    <test started-at="2022-06-10T11:38:35 JST" name="Default test" finished-at="2022-06-10T11:38:35 JST" duration-ms="65">
      <class name="qaclickacademy.AppiumTest">
        <test-method signature="NativeAppAndroid()[pri:0, instance:qaclickacademy.AppiumTest@2fb3536e]" started-at="2022-06-10T11:38:35 JST" name="NativeAppAndroid" finished-at="2022-06-10T11:38:35 JST" duration-ms="11" status="PASS">
          <reporter-output>
          </reporter-output>
        </test-method> <!-- NativeAppAndroid -->
        <test-method signature="iOSApps()[pri:0, instance:qaclickacademy.AppiumTest@2fb3536e]" started-at="2022-06-10T11:38:35 JST" name="iOSApps" finished-at="2022-06-10T11:38:35 JST" duration-ms="1" status="PASS">
          <reporter-output>
          </reporter-output>
        </test-method> <!-- iOSApps -->
      </class> <!-- qaclickacademy.AppiumTest -->
    </test> <!-- Default test -->
  </suite> <!-- Default suite -->
</testng-results>
